Using pre-set license
Built from '2021.3/staging' branch; Version is '2021.3.10f1 (1c7d0df0160b) revision 1867021'; Using compiler version '192829333'; Build Type 'Release'
OS: 'Windows 10  (10.0.19044) 64bit Professional' Language: 'en' Physical Memory: 8013 MB
BatchMode: 1, IsHumanControllingUs: 0, StartBugReporterOnCrash: 0, Is64bit: 1, IsPro: 1

COMMAND LINE ARGUMENTS:
E:\My program\Unity\2021.3.10f1\Editor\Unity.exe
-adb2
-batchMode
-noUpm
-name
AssetImportWorker13
-projectPath
E:/GIM/hands-on-gim/Space Invaders
-logFile
Logs/AssetImportWorker13.log
-srvPort
65418
Successfully changed project path to: E:/GIM/hands-on-gim/Space Invaders
E:/GIM/hands-on-gim/Space Invaders
[UnityMemory] Configuration Parameters - Can be set up in boot.config
    "memorysetup-bucket-allocator-granularity=16"
    "memorysetup-bucket-allocator-bucket-count=8"
    "memorysetup-bucket-allocator-block-size=33554432"
    "memorysetup-bucket-allocator-block-count=8"
    "memorysetup-main-allocator-block-size=16777216"
    "memorysetup-thread-allocator-block-size=16777216"
    "memorysetup-gfx-main-allocator-block-size=16777216"
    "memorysetup-gfx-thread-allocator-block-size=16777216"
    "memorysetup-cache-allocator-block-size=4194304"
    "memorysetup-typetree-allocator-block-size=2097152"
    "memorysetup-profiler-bucket-allocator-granularity=16"
    "memorysetup-profiler-bucket-allocator-bucket-count=8"
    "memorysetup-profiler-bucket-allocator-block-size=33554432"
    "memorysetup-profiler-bucket-allocator-block-count=8"
    "memorysetup-profiler-allocator-block-size=16777216"
    "memorysetup-profiler-editor-allocator-block-size=1048576"
    "memorysetup-temp-allocator-size-main=16777216"
    "memorysetup-job-temp-allocator-block-size=2097152"
    "memorysetup-job-temp-allocator-block-size-background=1048576"
    "memorysetup-job-temp-allocator-reduction-small-platforms=262144"
    "memorysetup-temp-allocator-size-background-worker=32768"
    "memorysetup-temp-allocator-size-job-worker=262144"
    "memorysetup-temp-allocator-size-preload-manager=33554432"
    "memorysetup-temp-allocator-size-nav-mesh-worker=65536"
    "memorysetup-temp-allocator-size-audio-worker=65536"
    "memorysetup-temp-allocator-size-cloud-worker=32768"
    "memorysetup-temp-allocator-size-gi-baking-worker=262144"
    "memorysetup-temp-allocator-size-gfx=262144"
Refreshing native plugins compatible for Editor in 95.87 ms, found 4 plugins.
Preloading 0 native plugins for Editor in 0.00 ms.
Initialize engine version: 2021.3.10f1 (1c7d0df0160b)
[Subsystems] Discovering subsystems at path E:/My program/Unity/2021.3.10f1/Editor/Data/Resources/UnitySubsystems
[Subsystems] Discovering subsystems at path E:/GIM/hands-on-gim/Space Invaders/Assets
GfxDevice: creating device client; threaded=0; jobified=0
Direct3D:
    Version:  Direct3D 11.0 [level 11.1]
    Renderer: NVIDIA GeForce GTX 1650 Ti with Max-Q Design (ID=0x1f95)
    Vendor:   NVIDIA
    VRAM:     3962 MB
    Driver:   27.21.14.6221
Initialize mono
Mono path[0] = 'E:/My program/Unity/2021.3.10f1/Editor/Data/Managed'
Mono path[1] = 'E:/My program/Unity/2021.3.10f1/Editor/Data/MonoBleedingEdge/lib/mono/unityjit-win32'
Mono config path = 'E:/My program/Unity/2021.3.10f1/Editor/Data/MonoBleedingEdge/etc'
Using monoOptions --debugger-agent=transport=dt_socket,embedding=1,server=y,suspend=n,address=127.0.0.1:56148
Begin MonoManager ReloadAssembly
Registering precompiled unity dll's ...
Register platform support module: E:/My program/Unity/2021.3.10f1/Editor/Data/PlaybackEngines/WebGLSupport/UnityEditor.WebGL.Extensions.dll
Register platform support module: E:/My program/Unity/2021.3.10f1/Editor/Data/PlaybackEngines/WindowsStandaloneSupport/UnityEditor.WindowsStandalone.Extensions.dll
Registered in 0.002861 seconds.
Native extension for WindowsStandalone target not found
Native extension for WebGL target not found
Refreshing native plugins compatible for Editor in 97.09 ms, found 4 plugins.
Preloading 0 native plugins for Editor in 0.00 ms.
Mono: successfully reloaded assembly
- Completed reload, in  0.666 seconds
Domain Reload Profiling:
	ReloadAssembly (666ms)
		BeginReloadAssembly (84ms)
			ExecutionOrderSort (0ms)
			DisableScriptedObjects (0ms)
			BackupInstance (0ms)
			ReleaseScriptingObjects (0ms)
			CreateAndSetChildDomain (1ms)
		EndReloadAssembly (466ms)
			LoadAssemblies (83ms)
			RebuildTransferFunctionScriptingTraits (0ms)
			SetupTypeCache (108ms)
			ReleaseScriptCaches (0ms)
			RebuildScriptCaches (29ms)
			SetupLoadedEditorAssemblies (272ms)
				LogAssemblyErrors (0ms)
				InitializePlatformSupportModulesInManaged (7ms)
				SetLoadedEditorAssemblies (0ms)
				RefreshPlugins (97ms)
				BeforeProcessingInitializeOnLoad (1ms)
				ProcessInitializeOnLoadAttributes (120ms)
				ProcessInitializeOnLoadMethodAttributes (47ms)
				AfterProcessingInitializeOnLoad (0ms)
				EditorAssembliesLoaded (0ms)
			ExecutionOrderSort2 (0ms)
			AwakeInstancesAfterBackupRestoration (0ms)
Platform modules already initialized, skipping
Registering precompiled user dll's ...
Registered in 0.004374 seconds.
Begin MonoManager ReloadAssembly
Symbol file LoadedFromMemory doesn't match image E:\GIM\hands-on-gim\Space Invaders\Library\PackageCache\com.unity.visualscripting@1.7.8\Editor\VisualScripting.Core\Dependencies\YamlDotNet\Unity.VisualScripting.YamlDotNet.dll
Symbol file LoadedFromMemory doesn't match image E:\GIM\hands-on-gim\Space Invaders\Library\PackageCache\com.unity.visualscripting@1.7.8\Editor\VisualScripting.Core\Dependencies\DotNetZip\Unity.VisualScripting.IonicZip.dll
Native extension for WindowsStandalone target not found
Native extension for WebGL target not found
Refreshing native plugins compatible for Editor in 96.50 ms, found 4 plugins.
Preloading 0 native plugins for Editor in 0.00 ms.
Mono: successfully reloaded assembly
- Completed reload, in 10.429 seconds
Domain Reload Profiling:
	ReloadAssembly (10429ms)
		BeginReloadAssembly (442ms)
			ExecutionOrderSort (0ms)
			DisableScriptedObjects (5ms)
			BackupInstance (0ms)
			ReleaseScriptingObjects (0ms)
			CreateAndSetChildDomain (303ms)
		EndReloadAssembly (9159ms)
			LoadAssemblies (5957ms)
			RebuildTransferFunctionScriptingTraits (0ms)
			SetupTypeCache (1562ms)
			ReleaseScriptCaches (1ms)
			RebuildScriptCaches (59ms)
			SetupLoadedEditorAssemblies (1535ms)
				LogAssemblyErrors (0ms)
				InitializePlatformSupportModulesInManaged (4ms)
				SetLoadedEditorAssemblies (0ms)
				RefreshPlugins (97ms)
				BeforeProcessingInitializeOnLoad (94ms)
				ProcessInitializeOnLoadAttributes (1013ms)
				ProcessInitializeOnLoadMethodAttributes (323ms)
				AfterProcessingInitializeOnLoad (3ms)
				EditorAssembliesLoaded (0ms)
			ExecutionOrderSort2 (0ms)
			AwakeInstancesAfterBackupRestoration (6ms)
Platform modules already initialized, skipping
========================================================================
Worker process is ready to serve import requests
Launched and connected shader compiler UnityShaderCompiler.exe after 0.51 seconds
Refreshing native plugins compatible for Editor in 0.90 ms, found 4 plugins.
Preloading 0 native plugins for Editor in 0.00 ms.
Unloading 4068 Unused Serialized files (Serialized files now loaded: 0)
Unloading 44 unused Assets / (229.5 KB). Loaded Objects now: 4518.
Memory consumption went from 151.3 MB to 151.1 MB.
Total: 4.169900 ms (FindLiveObjects: 0.531300 ms CreateObjectMapping: 0.355000 ms MarkObjects: 3.120900 ms  DeleteObjects: 0.161500 ms)

AssetImportParameters requested are different than current active one (requested -> active):
  custom:video-decoder-ogg-theora: a1e56fd34408186e4bbccfd4996cb3dc -> 
  custom:container-muxer-webm: aa71ff27fc2769a1b78a27578f13a17b -> 
  custom:container-demuxer-webm: 4f35f7cbe854078d1ac9338744f61a02 -> 
  custom:video-encoder-webm-vp8: eb34c28f22e8b96e1ab97ce403110664 -> 
  custom:audio-encoder-webm-vorbis: bf7c407c2cedff20999df2af8eb42d56 -> 
  custom:framework-win-MediaFoundation: 216162199b28c13a410421893ffa2e32 -> 
  custom:container-demuxer-ogg: 62fdf1f143b41e24485cea50d1cbac27 -> 
  custom:video-decoder-webm-vp8: 9c59270c3fd7afecdb556c50c9e8de78 -> 
  custom:audio-decoder-ogg-vorbis: bf7c407c2cedff20999df2af8eb42d56 -> 
========================================================================
Received Import Request.
  Time since last request: 201661.112714 seconds.
  path: Assets/Sprites
  artifactKey: Guid(2bf5d81876184e4459b80a54051677fb) Importer(815301076,1909f56bfc062723c751e8b465ee728b)
Start importing Assets/Sprites using Guid(2bf5d81876184e4459b80a54051677fb) Importer(815301076,1909f56bfc062723c751e8b465ee728b)  -> (artifact id: '7de4c847e68a6aeb0aa4afae720548fc') in 0.040531 seconds 
========================================================================
Received Import Request.
  Time since last request: 144.778826 seconds.
  path: Assets/Sprites/Invader_01-1.png
  artifactKey: Guid(97a6c3e4de15612428fa18c7af0c0819) Importer(815301076,1909f56bfc062723c751e8b465ee728b)
Start importing Assets/Sprites/Invader_01-1.png using Guid(97a6c3e4de15612428fa18c7af0c0819) Importer(815301076,1909f56bfc062723c751e8b465ee728b)  -> (artifact id: '10a95faa9b47864326ec7d3611f8c053') in 0.782793 seconds 
========================================================================
Received Import Request.
  Time since last request: 0.000025 seconds.
  path: Assets/Sprites/Splat.png
  artifactKey: Guid(3c8b900d6dda95147badee289849e399) Importer(815301076,1909f56bfc062723c751e8b465ee728b)
Start importing Assets/Sprites/Splat.png using Guid(3c8b900d6dda95147badee289849e399) Importer(815301076,1909f56bfc062723c751e8b465ee728b)  -> (artifact id: '1b9e27e146829debc119cd654e70df85') in 0.015929 seconds 
========================================================================
Received Import Request.
  Time since last request: 0.000026 seconds.
  path: Assets/Sprites/Laser.png
  artifactKey: Guid(be577163aff5ee44cb4f468578426fd7) Importer(815301076,1909f56bfc062723c751e8b465ee728b)
Start importing Assets/Sprites/Laser.png using Guid(be577163aff5ee44cb4f468578426fd7) Importer(815301076,1909f56bfc062723c751e8b465ee728b)  -> (artifact id: 'b7d3af17ec633ba36a923a3075999271') in 0.161162 seconds 
========================================================================
Received Import Request.
  Time since last request: 0.000024 seconds.
  path: Assets/Sprites/Invader_02-1.png
  artifactKey: Guid(82d198c88176fe24ab132e835c584777) Importer(815301076,1909f56bfc062723c751e8b465ee728b)
Start importing Assets/Sprites/Invader_02-1.png using Guid(82d198c88176fe24ab132e835c584777) Importer(815301076,1909f56bfc062723c751e8b465ee728b)  -> (artifact id: 'fc701b155ae43bb81330efe10d80966b') in 0.028133 seconds 
========================================================================
Received Import Request.
  Time since last request: 0.000029 seconds.
  path: Assets/Sprites/Invader_02-2.png
  artifactKey: Guid(89827c0bc5d5042419b7ee3ef85b1a91) Importer(815301076,1909f56bfc062723c751e8b465ee728b)
Start importing Assets/Sprites/Invader_02-2.png using Guid(89827c0bc5d5042419b7ee3ef85b1a91) Importer(815301076,1909f56bfc062723c751e8b465ee728b)  -> (artifact id: 'd22ef3d95dcf1afb04e7920011c742a5') in 0.042499 seconds 
========================================================================
Received Import Request.
  Time since last request: 0.000021 seconds.
  path: Assets/Sprites/Invader_03-2.png
  artifactKey: Guid(ea842458e84fd4047aa0f4e93c3cd26e) Importer(815301076,1909f56bfc062723c751e8b465ee728b)
Start importing Assets/Sprites/Invader_03-2.png using Guid(ea842458e84fd4047aa0f4e93c3cd26e) Importer(815301076,1909f56bfc062723c751e8b465ee728b)  -> (artifact id: 'a2d917b8bb3b0d0bb7aaa28ab52dfa34') in 0.012807 seconds 
========================================================================
Received Import Request.
  Time since last request: 0.000047 seconds.
  path: Assets/Sprites/Player.png
  artifactKey: Guid(f5087b293b75d394ca67ac242c56ca2e) Importer(815301076,1909f56bfc062723c751e8b465ee728b)
Start importing Assets/Sprites/Player.png using Guid(f5087b293b75d394ca67ac242c56ca2e) Importer(815301076,1909f56bfc062723c751e8b465ee728b)  -> (artifact id: '9cc22c0ce38fc129cb9cacc69b6d5030') in 0.074794 seconds 
========================================================================
Received Import Request.
  Time since last request: 433.265386 seconds.
  path: Assets/Sprites/Invader_01-1.png
  artifactKey: Guid(97a6c3e4de15612428fa18c7af0c0819) Importer(815301076,1909f56bfc062723c751e8b465ee728b)
Start importing Assets/Sprites/Invader_01-1.png using Guid(97a6c3e4de15612428fa18c7af0c0819) Importer(815301076,1909f56bfc062723c751e8b465ee728b)  -> (artifact id: '07937af2dc6cd816caafc487ae5a5767') in 0.036834 seconds 
========================================================================
Received Import Request.
  Time since last request: 0.000052 seconds.
  path: Assets/Sprites/Invader_01-2.png
  artifactKey: Guid(db58148c0eee98b43b07d4eab83bbe3c) Importer(815301076,1909f56bfc062723c751e8b465ee728b)
Start importing Assets/Sprites/Invader_01-2.png using Guid(db58148c0eee98b43b07d4eab83bbe3c) Importer(815301076,1909f56bfc062723c751e8b465ee728b)  -> (artifact id: '582b4f0e8f2adf03a55e229505d665ba') in 0.021311 seconds 
========================================================================
Received Import Request.
  Time since last request: 0.000252 seconds.
  path: Assets/Sprites/Laser.png
  artifactKey: Guid(be577163aff5ee44cb4f468578426fd7) Importer(815301076,1909f56bfc062723c751e8b465ee728b)
Start importing Assets/Sprites/Laser.png using Guid(be577163aff5ee44cb4f468578426fd7) Importer(815301076,1909f56bfc062723c751e8b465ee728b)  -> (artifact id: '33103f7c10d815922074b518cdd5ff0b') in 0.028021 seconds 
========================================================================
Received Import Request.
  Time since last request: 0.000074 seconds.
  path: Assets/Sprites/Invader_02-1.png
  artifactKey: Guid(82d198c88176fe24ab132e835c584777) Importer(815301076,1909f56bfc062723c751e8b465ee728b)
Start importing Assets/Sprites/Invader_02-1.png using Guid(82d198c88176fe24ab132e835c584777) Importer(815301076,1909f56bfc062723c751e8b465ee728b)  -> (artifact id: 'f6ecb919a7f1492c9895fe111c94bee4') in 0.031988 seconds 
========================================================================
Received Import Request.
  Time since last request: 0.000044 seconds.
  path: Assets/Sprites/Invader_03-2.png
  artifactKey: Guid(ea842458e84fd4047aa0f4e93c3cd26e) Importer(815301076,1909f56bfc062723c751e8b465ee728b)
Start importing Assets/Sprites/Invader_03-2.png using Guid(ea842458e84fd4047aa0f4e93c3cd26e) Importer(815301076,1909f56bfc062723c751e8b465ee728b)  -> (artifact id: '29aa174c602d667f11405a60fe446705') in 0.017187 seconds 
========================================================================
Received Import Request.
  Time since last request: 0.000026 seconds.
  path: Assets/Sprites/Player.png
  artifactKey: Guid(f5087b293b75d394ca67ac242c56ca2e) Importer(815301076,1909f56bfc062723c751e8b465ee728b)
Start importing Assets/Sprites/Player.png using Guid(f5087b293b75d394ca67ac242c56ca2e) Importer(815301076,1909f56bfc062723c751e8b465ee728b)  -> (artifact id: 'f7c4da979c8361a06988afcab1d9139f') in 0.017806 seconds 
========================================================================
Received Import Request.
  Time since last request: 33.853623 seconds.
  path: Assets/Sprites/Invader_01-1.png
  artifactKey: Guid(97a6c3e4de15612428fa18c7af0c0819) Importer(815301076,1909f56bfc062723c751e8b465ee728b)
Start importing Assets/Sprites/Invader_01-1.png using Guid(97a6c3e4de15612428fa18c7af0c0819) Importer(815301076,1909f56bfc062723c751e8b465ee728b)  -> (artifact id: 'edf81661cbcc25ec4c96745184cecfb9') in 0.027503 seconds 
========================================================================
Received Import Request.
  Time since last request: 0.000060 seconds.
  path: Assets/Sprites/Invader_01-2.png
  artifactKey: Guid(db58148c0eee98b43b07d4eab83bbe3c) Importer(815301076,1909f56bfc062723c751e8b465ee728b)
Start importing Assets/Sprites/Invader_01-2.png using Guid(db58148c0eee98b43b07d4eab83bbe3c) Importer(815301076,1909f56bfc062723c751e8b465ee728b)  -> (artifact id: '4faa59c227426a9bc834f2e1bba5fed2') in 0.025419 seconds 
========================================================================
Received Import Request.
  Time since last request: 0.000073 seconds.
  path: Assets/Sprites/Laser.png
  artifactKey: Guid(be577163aff5ee44cb4f468578426fd7) Importer(815301076,1909f56bfc062723c751e8b465ee728b)
Start importing Assets/Sprites/Laser.png using Guid(be577163aff5ee44cb4f468578426fd7) Importer(815301076,1909f56bfc062723c751e8b465ee728b)  -> (artifact id: '25d0848b3c14da5e905edb606e5dcdc4') in 0.023230 seconds 
========================================================================
Received Import Request.
  Time since last request: 0.000201 seconds.
  path: Assets/Sprites/Invader_02-1.png
  artifactKey: Guid(82d198c88176fe24ab132e835c584777) Importer(815301076,1909f56bfc062723c751e8b465ee728b)
Start importing Assets/Sprites/Invader_02-1.png using Guid(82d198c88176fe24ab132e835c584777) Importer(815301076,1909f56bfc062723c751e8b465ee728b)  -> (artifact id: 'ff1b8bd7f06dd844d2e2f56586ab8cc1') in 0.039467 seconds 
========================================================================
Received Import Request.
  Time since last request: 0.000054 seconds.
  path: Assets/Sprites/MysteryShip.png
  artifactKey: Guid(29697c51780adcc4f86ed7299198fce9) Importer(815301076,1909f56bfc062723c751e8b465ee728b)
Start importing Assets/Sprites/MysteryShip.png using Guid(29697c51780adcc4f86ed7299198fce9) Importer(815301076,1909f56bfc062723c751e8b465ee728b)  -> (artifact id: '2d3f17f5d7bd2aa19e3bc898b97d79b5') in 0.026717 seconds 
========================================================================
Received Import Request.
  Time since last request: 0.000028 seconds.
  path: Assets/Sprites/Invader_03-1.png
  artifactKey: Guid(8ab9c32375d880e43b4357eabef98ecd) Importer(815301076,1909f56bfc062723c751e8b465ee728b)
Start importing Assets/Sprites/Invader_03-1.png using Guid(8ab9c32375d880e43b4357eabef98ecd) Importer(815301076,1909f56bfc062723c751e8b465ee728b)  -> (artifact id: 'ef5753c8df158e4ce4e5d8ccfb9261f3') in 0.029370 seconds 
