Using pre-set license
Built from '2021.3/staging' branch; Version is '2021.3.10f1 (1c7d0df0160b) revision 1867021'; Using compiler version '192829333'; Build Type 'Release'
OS: 'Windows 10  (10.0.19044) 64bit Professional' Language: 'en' Physical Memory: 8013 MB
BatchMode: 1, IsHumanControllingUs: 0, StartBugReporterOnCrash: 0, Is64bit: 1, IsPro: 1

COMMAND LINE ARGUMENTS:
E:\My program\Unity\2021.3.10f1\Editor\Unity.exe
-adb2
-batchMode
-noUpm
-name
AssetImportWorker12
-projectPath
E:/GIM/hands-on-gim/Space Invaders
-logFile
Logs/AssetImportWorker12.log
-srvPort
65418
Successfully changed project path to: E:/GIM/hands-on-gim/Space Invaders
E:/GIM/hands-on-gim/Space Invaders
[UnityMemory] Configuration Parameters - Can be set up in boot.config
    "memorysetup-bucket-allocator-granularity=16"
    "memorysetup-bucket-allocator-bucket-count=8"
    "memorysetup-bucket-allocator-block-size=33554432"
    "memorysetup-bucket-allocator-block-count=8"
    "memorysetup-main-allocator-block-size=16777216"
    "memorysetup-thread-allocator-block-size=16777216"
    "memorysetup-gfx-main-allocator-block-size=16777216"
    "memorysetup-gfx-thread-allocator-block-size=16777216"
    "memorysetup-cache-allocator-block-size=4194304"
    "memorysetup-typetree-allocator-block-size=2097152"
    "memorysetup-profiler-bucket-allocator-granularity=16"
    "memorysetup-profiler-bucket-allocator-bucket-count=8"
    "memorysetup-profiler-bucket-allocator-block-size=33554432"
    "memorysetup-profiler-bucket-allocator-block-count=8"
    "memorysetup-profiler-allocator-block-size=16777216"
    "memorysetup-profiler-editor-allocator-block-size=1048576"
    "memorysetup-temp-allocator-size-main=16777216"
    "memorysetup-job-temp-allocator-block-size=2097152"
    "memorysetup-job-temp-allocator-block-size-background=1048576"
    "memorysetup-job-temp-allocator-reduction-small-platforms=262144"
    "memorysetup-temp-allocator-size-background-worker=32768"
    "memorysetup-temp-allocator-size-job-worker=262144"
    "memorysetup-temp-allocator-size-preload-manager=33554432"
    "memorysetup-temp-allocator-size-nav-mesh-worker=65536"
    "memorysetup-temp-allocator-size-audio-worker=65536"
    "memorysetup-temp-allocator-size-cloud-worker=32768"
    "memorysetup-temp-allocator-size-gi-baking-worker=262144"
    "memorysetup-temp-allocator-size-gfx=262144"
Refreshing native plugins compatible for Editor in 109.02 ms, found 4 plugins.
Preloading 0 native plugins for Editor in 0.00 ms.
Initialize engine version: 2021.3.10f1 (1c7d0df0160b)
[Subsystems] Discovering subsystems at path E:/My program/Unity/2021.3.10f1/Editor/Data/Resources/UnitySubsystems
[Subsystems] Discovering subsystems at path E:/GIM/hands-on-gim/Space Invaders/Assets
GfxDevice: creating device client; threaded=0; jobified=0
Direct3D:
    Version:  Direct3D 11.0 [level 11.1]
    Renderer: NVIDIA GeForce GTX 1650 Ti with Max-Q Design (ID=0x1f95)
    Vendor:   NVIDIA
    VRAM:     3962 MB
    Driver:   27.21.14.6221
Initialize mono
Mono path[0] = 'E:/My program/Unity/2021.3.10f1/Editor/Data/Managed'
Mono path[1] = 'E:/My program/Unity/2021.3.10f1/Editor/Data/MonoBleedingEdge/lib/mono/unityjit-win32'
Mono config path = 'E:/My program/Unity/2021.3.10f1/Editor/Data/MonoBleedingEdge/etc'
Using monoOptions --debugger-agent=transport=dt_socket,embedding=1,server=y,suspend=n,address=127.0.0.1:56880
Begin MonoManager ReloadAssembly
Registering precompiled unity dll's ...
Register platform support module: E:/My program/Unity/2021.3.10f1/Editor/Data/PlaybackEngines/WebGLSupport/UnityEditor.WebGL.Extensions.dll
Register platform support module: E:/My program/Unity/2021.3.10f1/Editor/Data/PlaybackEngines/WindowsStandaloneSupport/UnityEditor.WindowsStandalone.Extensions.dll
Registered in 0.003053 seconds.
Native extension for WindowsStandalone target not found
Native extension for WebGL target not found
Refreshing native plugins compatible for Editor in 108.06 ms, found 4 plugins.
Preloading 0 native plugins for Editor in 0.00 ms.
Mono: successfully reloaded assembly
- Completed reload, in  0.688 seconds
Domain Reload Profiling:
	ReloadAssembly (688ms)
		BeginReloadAssembly (87ms)
			ExecutionOrderSort (0ms)
			DisableScriptedObjects (0ms)
			BackupInstance (0ms)
			ReleaseScriptingObjects (0ms)
			CreateAndSetChildDomain (1ms)
		EndReloadAssembly (480ms)
			LoadAssemblies (86ms)
			RebuildTransferFunctionScriptingTraits (0ms)
			SetupTypeCache (122ms)
			ReleaseScriptCaches (0ms)
			RebuildScriptCaches (27ms)
			SetupLoadedEditorAssemblies (283ms)
				LogAssemblyErrors (0ms)
				InitializePlatformSupportModulesInManaged (7ms)
				SetLoadedEditorAssemblies (0ms)
				RefreshPlugins (108ms)
				BeforeProcessingInitializeOnLoad (1ms)
				ProcessInitializeOnLoadAttributes (120ms)
				ProcessInitializeOnLoadMethodAttributes (47ms)
				AfterProcessingInitializeOnLoad (0ms)
				EditorAssembliesLoaded (0ms)
			ExecutionOrderSort2 (0ms)
			AwakeInstancesAfterBackupRestoration (0ms)
Platform modules already initialized, skipping
Registering precompiled user dll's ...
Registered in 0.004472 seconds.
Begin MonoManager ReloadAssembly
Symbol file LoadedFromMemory doesn't match image E:\GIM\hands-on-gim\Space Invaders\Library\PackageCache\com.unity.visualscripting@1.7.8\Editor\VisualScripting.Core\Dependencies\YamlDotNet\Unity.VisualScripting.YamlDotNet.dll
Symbol file LoadedFromMemory doesn't match image E:\GIM\hands-on-gim\Space Invaders\Library\PackageCache\com.unity.visualscripting@1.7.8\Editor\VisualScripting.Core\Dependencies\DotNetZip\Unity.VisualScripting.IonicZip.dll
Native extension for WindowsStandalone target not found
Native extension for WebGL target not found
Refreshing native plugins compatible for Editor in 96.68 ms, found 4 plugins.
Preloading 0 native plugins for Editor in 0.00 ms.
Mono: successfully reloaded assembly
- Completed reload, in 10.427 seconds
Domain Reload Profiling:
	ReloadAssembly (10428ms)
		BeginReloadAssembly (440ms)
			ExecutionOrderSort (0ms)
			DisableScriptedObjects (6ms)
			BackupInstance (0ms)
			ReleaseScriptingObjects (0ms)
			CreateAndSetChildDomain (303ms)
		EndReloadAssembly (9159ms)
			LoadAssemblies (5957ms)
			RebuildTransferFunctionScriptingTraits (0ms)
			SetupTypeCache (1561ms)
			ReleaseScriptCaches (1ms)
			RebuildScriptCaches (56ms)
			SetupLoadedEditorAssemblies (1543ms)
				LogAssemblyErrors (0ms)
				InitializePlatformSupportModulesInManaged (4ms)
				SetLoadedEditorAssemblies (0ms)
				RefreshPlugins (97ms)
				BeforeProcessingInitializeOnLoad (95ms)
				ProcessInitializeOnLoadAttributes (1026ms)
				ProcessInitializeOnLoadMethodAttributes (317ms)
				AfterProcessingInitializeOnLoad (3ms)
				EditorAssembliesLoaded (0ms)
			ExecutionOrderSort2 (0ms)
			AwakeInstancesAfterBackupRestoration (6ms)
Platform modules already initialized, skipping
========================================================================
Worker process is ready to serve import requests
Launched and connected shader compiler UnityShaderCompiler.exe after 0.22 seconds
Refreshing native plugins compatible for Editor in 0.90 ms, found 4 plugins.
Preloading 0 native plugins for Editor in 0.00 ms.
Unloading 4068 Unused Serialized files (Serialized files now loaded: 0)
Unloading 44 unused Assets / (229.5 KB). Loaded Objects now: 4518.
Memory consumption went from 151.3 MB to 151.1 MB.
Total: 4.018900 ms (FindLiveObjects: 0.528100 ms CreateObjectMapping: 0.339300 ms MarkObjects: 2.929700 ms  DeleteObjects: 0.220500 ms)

AssetImportParameters requested are different than current active one (requested -> active):
  custom:video-decoder-ogg-theora: a1e56fd34408186e4bbccfd4996cb3dc -> 
  custom:container-muxer-webm: aa71ff27fc2769a1b78a27578f13a17b -> 
  custom:container-demuxer-webm: 4f35f7cbe854078d1ac9338744f61a02 -> 
  custom:video-encoder-webm-vp8: eb34c28f22e8b96e1ab97ce403110664 -> 
  custom:audio-encoder-webm-vorbis: bf7c407c2cedff20999df2af8eb42d56 -> 
  custom:framework-win-MediaFoundation: 216162199b28c13a410421893ffa2e32 -> 
  custom:container-demuxer-ogg: 62fdf1f143b41e24485cea50d1cbac27 -> 
  custom:video-decoder-webm-vp8: 9c59270c3fd7afecdb556c50c9e8de78 -> 
  custom:audio-decoder-ogg-vorbis: bf7c407c2cedff20999df2af8eb42d56 -> 
========================================================================
Received Import Request.
  Time since last request: 201806.527546 seconds.
  path: Assets/Sprites/Bunker.png
  artifactKey: Guid(98a17029c9c5a1649b9f5edd023fb59a) Importer(815301076,1909f56bfc062723c751e8b465ee728b)
Start importing Assets/Sprites/Bunker.png using Guid(98a17029c9c5a1649b9f5edd023fb59a) Importer(815301076,1909f56bfc062723c751e8b465ee728b)  -> (artifact id: '7a761e33312c6b9ce073ad4c85890048') in 0.795578 seconds 
========================================================================
Received Import Request.
  Time since last request: 0.000044 seconds.
  path: Assets/Sprites/Invader_01-2.png
  artifactKey: Guid(db58148c0eee98b43b07d4eab83bbe3c) Importer(815301076,1909f56bfc062723c751e8b465ee728b)
Start importing Assets/Sprites/Invader_01-2.png using Guid(db58148c0eee98b43b07d4eab83bbe3c) Importer(815301076,1909f56bfc062723c751e8b465ee728b)  -> (artifact id: '21617f3860eafd78b6d2d74d37d78f65') in 0.057687 seconds 
========================================================================
Received Import Request.
  Time since last request: 0.000030 seconds.
  path: Assets/Sprites/Missile.png
  artifactKey: Guid(975d87c714f14d5469d50abd49c458ba) Importer(815301076,1909f56bfc062723c751e8b465ee728b)
Start importing Assets/Sprites/Missile.png using Guid(975d87c714f14d5469d50abd49c458ba) Importer(815301076,1909f56bfc062723c751e8b465ee728b)  -> (artifact id: '83abdf30e8dbbdc80509976ce2adb438') in 0.075555 seconds 
========================================================================
Received Import Request.
  Time since last request: 0.000024 seconds.
  path: Assets/Sprites/MysteryShip.png
  artifactKey: Guid(29697c51780adcc4f86ed7299198fce9) Importer(815301076,1909f56bfc062723c751e8b465ee728b)
Start importing Assets/Sprites/MysteryShip.png using Guid(29697c51780adcc4f86ed7299198fce9) Importer(815301076,1909f56bfc062723c751e8b465ee728b)  -> (artifact id: '80423ead3858f7523ad3303b8366ec19') in 0.016126 seconds 
========================================================================
Received Import Request.
  Time since last request: 0.000030 seconds.
  path: Assets/Sprites/Invader_03-1.png
  artifactKey: Guid(8ab9c32375d880e43b4357eabef98ecd) Importer(815301076,1909f56bfc062723c751e8b465ee728b)
Start importing Assets/Sprites/Invader_03-1.png using Guid(8ab9c32375d880e43b4357eabef98ecd) Importer(815301076,1909f56bfc062723c751e8b465ee728b)  -> (artifact id: 'd4eeca43000eeef074294d099c2f6421') in 0.134553 seconds 
========================================================================
Received Import Request.
  Time since last request: 433.130855 seconds.
  path: Assets/Sprites/Bunker.png
  artifactKey: Guid(98a17029c9c5a1649b9f5edd023fb59a) Importer(815301076,1909f56bfc062723c751e8b465ee728b)
Start importing Assets/Sprites/Bunker.png using Guid(98a17029c9c5a1649b9f5edd023fb59a) Importer(815301076,1909f56bfc062723c751e8b465ee728b)  -> (artifact id: '157963cbf1bda12735d81606239f7e1b') in 0.041442 seconds 
========================================================================
Received Import Request.
  Time since last request: 0.000094 seconds.
  path: Assets/Sprites/Splat.png
  artifactKey: Guid(3c8b900d6dda95147badee289849e399) Importer(815301076,1909f56bfc062723c751e8b465ee728b)
Start importing Assets/Sprites/Splat.png using Guid(3c8b900d6dda95147badee289849e399) Importer(815301076,1909f56bfc062723c751e8b465ee728b)  -> (artifact id: 'ea65ea5d501458f005da77bd50bdf3b1') in 0.032338 seconds 
========================================================================
Received Import Request.
  Time since last request: 0.000084 seconds.
  path: Assets/Sprites/Missile.png
  artifactKey: Guid(975d87c714f14d5469d50abd49c458ba) Importer(815301076,1909f56bfc062723c751e8b465ee728b)
Start importing Assets/Sprites/Missile.png using Guid(975d87c714f14d5469d50abd49c458ba) Importer(815301076,1909f56bfc062723c751e8b465ee728b)  -> (artifact id: '2159d64885651b8c9caf90d835cae0d8') in 0.023128 seconds 
========================================================================
Received Import Request.
  Time since last request: 0.000035 seconds.
  path: Assets/Sprites/Invader_02-2.png
  artifactKey: Guid(89827c0bc5d5042419b7ee3ef85b1a91) Importer(815301076,1909f56bfc062723c751e8b465ee728b)
Start importing Assets/Sprites/Invader_02-2.png using Guid(89827c0bc5d5042419b7ee3ef85b1a91) Importer(815301076,1909f56bfc062723c751e8b465ee728b)  -> (artifact id: '3dddb194a0c08f6df220a9a845fc443e') in 0.027662 seconds 
========================================================================
Received Import Request.
  Time since last request: 0.000034 seconds.
  path: Assets/Sprites/MysteryShip.png
  artifactKey: Guid(29697c51780adcc4f86ed7299198fce9) Importer(815301076,1909f56bfc062723c751e8b465ee728b)
Start importing Assets/Sprites/MysteryShip.png using Guid(29697c51780adcc4f86ed7299198fce9) Importer(815301076,1909f56bfc062723c751e8b465ee728b)  -> (artifact id: '9391205f365112308ff74d1d823bdb57') in 0.018993 seconds 
========================================================================
Received Import Request.
  Time since last request: 0.000029 seconds.
  path: Assets/Sprites/Invader_03-1.png
  artifactKey: Guid(8ab9c32375d880e43b4357eabef98ecd) Importer(815301076,1909f56bfc062723c751e8b465ee728b)
Start importing Assets/Sprites/Invader_03-1.png using Guid(8ab9c32375d880e43b4357eabef98ecd) Importer(815301076,1909f56bfc062723c751e8b465ee728b)  -> (artifact id: 'cf0c0221572c5b3b9e9058c3eba17af4') in 0.018726 seconds 
========================================================================
Received Import Request.
  Time since last request: 33.880341 seconds.
  path: Assets/Sprites/Bunker.png
  artifactKey: Guid(98a17029c9c5a1649b9f5edd023fb59a) Importer(815301076,1909f56bfc062723c751e8b465ee728b)
Start importing Assets/Sprites/Bunker.png using Guid(98a17029c9c5a1649b9f5edd023fb59a) Importer(815301076,1909f56bfc062723c751e8b465ee728b)  -> (artifact id: '1fc19352407ef632b34f04a4df3d00ed') in 0.034057 seconds 
========================================================================
Received Import Request.
  Time since last request: 0.000034 seconds.
  path: Assets/Sprites/Splat.png
  artifactKey: Guid(3c8b900d6dda95147badee289849e399) Importer(815301076,1909f56bfc062723c751e8b465ee728b)
Start importing Assets/Sprites/Splat.png using Guid(3c8b900d6dda95147badee289849e399) Importer(815301076,1909f56bfc062723c751e8b465ee728b)  -> (artifact id: '2439d71356734f7b9de23f90c95b7264') in 0.022740 seconds 
========================================================================
Received Import Request.
  Time since last request: 0.000054 seconds.
  path: Assets/Sprites/Missile.png
  artifactKey: Guid(975d87c714f14d5469d50abd49c458ba) Importer(815301076,1909f56bfc062723c751e8b465ee728b)
Start importing Assets/Sprites/Missile.png using Guid(975d87c714f14d5469d50abd49c458ba) Importer(815301076,1909f56bfc062723c751e8b465ee728b)  -> (artifact id: 'b3928e1479e3844457feb5655dc641eb') in 0.040937 seconds 
========================================================================
Received Import Request.
  Time since last request: 0.000071 seconds.
  path: Assets/Sprites/Invader_02-2.png
  artifactKey: Guid(89827c0bc5d5042419b7ee3ef85b1a91) Importer(815301076,1909f56bfc062723c751e8b465ee728b)
Start importing Assets/Sprites/Invader_02-2.png using Guid(89827c0bc5d5042419b7ee3ef85b1a91) Importer(815301076,1909f56bfc062723c751e8b465ee728b)  -> (artifact id: '21e5cf5c3edcafe0fa47eeba093d03ae') in 0.028715 seconds 
========================================================================
Received Import Request.
  Time since last request: 0.000033 seconds.
  path: Assets/Sprites/Invader_03-2.png
  artifactKey: Guid(ea842458e84fd4047aa0f4e93c3cd26e) Importer(815301076,1909f56bfc062723c751e8b465ee728b)
Start importing Assets/Sprites/Invader_03-2.png using Guid(ea842458e84fd4047aa0f4e93c3cd26e) Importer(815301076,1909f56bfc062723c751e8b465ee728b)  -> (artifact id: '28c7298980f35f93b747646a90712bbd') in 0.014893 seconds 
========================================================================
Received Import Request.
  Time since last request: 0.000044 seconds.
  path: Assets/Sprites/Player.png
  artifactKey: Guid(f5087b293b75d394ca67ac242c56ca2e) Importer(815301076,1909f56bfc062723c751e8b465ee728b)
Start importing Assets/Sprites/Player.png using Guid(f5087b293b75d394ca67ac242c56ca2e) Importer(815301076,1909f56bfc062723c751e8b465ee728b)  -> (artifact id: 'e691bc3de9bd9f167be3f54092bcee55') in 0.024207 seconds 
========================================================================
Received Import Request.
  Time since last request: 49.511727 seconds.
  path: Assets/Scenes/SampleScene.unity
  artifactKey: Guid(2cda990e2423bbf4892e6590ba056729) Importer(815301076,1909f56bfc062723c751e8b465ee728b)
Start importing Assets/Scenes/SampleScene.unity using Guid(2cda990e2423bbf4892e6590ba056729) Importer(815301076,1909f56bfc062723c751e8b465ee728b)  -> (artifact id: 'e24c38ded777c6eac716cf6ee885caa1') in 0.030142 seconds 
========================================================================
Received Import Request.
  Time since last request: 14.650466 seconds.
  path: Assets/Scenes/SpaceInvaders.unity
  artifactKey: Guid(2cda990e2423bbf4892e6590ba056729) Importer(815301076,1909f56bfc062723c751e8b465ee728b)
Start importing Assets/Scenes/SpaceInvaders.unity using Guid(2cda990e2423bbf4892e6590ba056729) Importer(815301076,1909f56bfc062723c751e8b465ee728b)  -> (artifact id: '10aa192cb436a963d9cd2ffaf12f6a06') in 0.053066 seconds 
========================================================================
Received Import Request.
  Time since last request: 797.107349 seconds.
  path: Assets/Sprites/placeholder_player.png
  artifactKey: Guid(5f752b89db43daa4aa4d6719282e09a8) Importer(815301076,1909f56bfc062723c751e8b465ee728b)
Start importing Assets/Sprites/placeholder_player.png using Guid(5f752b89db43daa4aa4d6719282e09a8) Importer(815301076,1909f56bfc062723c751e8b465ee728b)  -> (artifact id: 'd74bcc2752099f969a738df939229eec') in 0.188077 seconds 
========================================================================
Received Import Request.
  Time since last request: 49.162818 seconds.
  path: Assets/Sprites/placeholder_player.png
  artifactKey: Guid(5f752b89db43daa4aa4d6719282e09a8) Importer(815301076,1909f56bfc062723c751e8b465ee728b)
Start importing Assets/Sprites/placeholder_player.png using Guid(5f752b89db43daa4aa4d6719282e09a8) Importer(815301076,1909f56bfc062723c751e8b465ee728b)  -> (artifact id: '1a2ea18d7cc7448383f18d4b9445950e') in 0.467397 seconds 
========================================================================
Received Import Request.
  Time since last request: 199.234435 seconds.
  path: Assets/Sprites/placeholder_player (1).png
  artifactKey: Guid(469ef796a1ac7dd43b74a9f0ff011120) Importer(815301076,1909f56bfc062723c751e8b465ee728b)
Start importing Assets/Sprites/placeholder_player (1).png using Guid(469ef796a1ac7dd43b74a9f0ff011120) Importer(815301076,1909f56bfc062723c751e8b465ee728b)  -> (artifact id: '6c802d8db1ac88d599d2302487c9963c') in 0.081460 seconds 
========================================================================
Received Import Request.
  Time since last request: 28.420263 seconds.
  path: Assets/Sprites/placeholder_player (1).png
  artifactKey: Guid(469ef796a1ac7dd43b74a9f0ff011120) Importer(815301076,1909f56bfc062723c751e8b465ee728b)
Start importing Assets/Sprites/placeholder_player (1).png using Guid(469ef796a1ac7dd43b74a9f0ff011120) Importer(815301076,1909f56bfc062723c751e8b465ee728b)  -> (artifact id: '3a4af78a3e0d7bde7b79a12819eae8f9') in 0.022040 seconds 
